This file contains any messages produced by compilers while
running configure, to aid debugging if configure makes a mistake.

It was created by nettle configure 2.7.1, which was
generated by GNU Autoconf 2.69.  Invocation command line was

  $ ./configure 

## --------- ##
## Platform. ##
## --------- ##

hostname = AA
uname -m = x86_64
uname -r = 1.7.25(0.270/5/3)
uname -s = CYGWIN_NT-6.1
uname -v = 2013-08-31 20:37

/usr/bin/uname -p = unknown
/bin/uname -X     = unknown

/bin/arch              = x86_64
/usr/bin/arch -k       = unknown
/usr/convex/getsysinfo = unknown
/usr/bin/hostinfo      = unknown
/bin/machine           = unknown
/usr/bin/oslevel       = unknown
/bin/universe          = unknown

PATH: /cygdrive/c/MinGW64/bin
PATH: /cygdrive/c/Program Files (x86)/NVIDIA Corporation/PhysX/Common
PATH: /cygdrive/c/Windows/system32
PATH: /cygdrive/c/Windows
PATH: /cygdrive/c/Windows/System32/Wbem
PATH: /cygdrive/c/Windows/System32/WindowsPowerShell/v1.0
PATH: /cygdrive/c/Program Files/TortoiseHg
PATH: /cygdrive/e/programs/TortoiseGit/bin
PATH: /cygdrive/c/Program Files (x86)/Microsoft SQL Server/100/Tools/Binn
PATH: /cygdrive/c/Program Files/Microsoft SQL Server/100/Tools/Binn
PATH: /cygdrive/c/Program Files/Microsoft SQL Server/100/DTS/Binn
PATH: /cygdrive/c/Program Files (x86)/GtkSharp/2.12/bin
PATH: /cygdrive/c/Program Files (x86)/QuickTime/QTSystem
PATH: /cygdrive/c/Program Files (x86)/Microsoft ASP.NET/ASP.NET Web Pages/v1.0
PATH: /cygdrive/c/Program Files (x86)/Windows Kits/8.0/Windows Performance Toolkit
PATH: /cygdrive/c/Program Files/Microsoft SQL Server/110/Tools/Binn
PATH: /cygdrive/c/Program Files (x86)/Common Files/Ulead Systems/MPEG
PATH: /cygdrive/e/programs/nasm
PATH: /cygdrive/c/vagrant/vagrant/bin
PATH: /cygdrive/c/Program Files (x86)/Common Files/Autodesk Shared
PATH: /cygdrive/c/Panda3D-1.8.1/python
PATH: /cygdrive/c/Panda3D-1.8.1/bin
PATH: /cygdrive/c/Program Files/Calibre2
PATH: /cygdrive/c/Program Files/Common Files/Autodesk Shared
PATH: /cygdrive/c/Program Files (x86)/Autodesk/Backburner
PATH: /cygdrive/c/Program Files/Microsoft/Web Platform Installer
PATH: /cygdrive/c/Program Files (x86)/dub
PATH: /cygdrive/e/programs/nodejs
PATH: /cygdrive/c/Windows/Microsoft.NET/Framework64/v4.0.30319
PATH: /cygdrive/c/Jade63/BIN
PATH: /cygdrive/c/Program Files/TortoiseHg
PATH: /cygdrive/e/programs/apache-maven-3.0.4/bin
PATH: /cygdrive/e/programs/Java/jdk1.7.0_03/bin
PATH: /cygdrive/c/Program Files (x86)/OpenVPN/bin
PATH: /cygdrive/e/programs/apache-ant-1.9.2/bin
PATH: /cygdrive/c/Users/rikki/AppData/Roaming/npm
PATH: /usr/bin
PATH: /opt/VirtualGL/bin
PATH: /cygdrive/e/programs/D/dmd2/windows/bin


## ----------- ##
## Core tests. ##
## ----------- ##

configure:2525: checking build system type
configure:2539: result: x86_64-unknown-cygwin
configure:2559: checking host system type
configure:2572: result: x86_64-unknown-cygwin
configure:2692: checking for -R flag
configure:2711: result: none
configure:2721: result: Searching for libraries
configure:2728: checking /usr/local/lib/lib
configure:2755: result: not found
configure:2728: checking /usr/local/lib
configure:2746: result: added
configure:2728: checking /sw/local/lib
configure:2755: result: not found
configure:2728: checking /sw/lib
configure:2755: result: not found
configure:2728: checking /usr/gnu/lib
configure:2755: result: not found
configure:2728: checking /opt/gnu/lib
configure:2755: result: not found
configure:2728: checking /sw/gnu/lib
configure:2755: result: not found
configure:2728: checking /usr/freeware/lib
configure:2755: result: not found
configure:2728: checking /usr/pkg/lib
configure:2755: result: not found
configure:2811: checking for gcc
configure:2827: found /cygdrive/c/MinGW64/bin/gcc
configure:2838: result: gcc
configure:3067: checking for C compiler version
configure:3076: gcc --version >&5
gcc.exe (tdm64-1) 4.7.1
Copyright (C) 2012 Free Software Foundation, Inc.
This is free software; see the source for copying conditions.  There is NO
warranty; not even for MERCHANTABILITY or FITNESS FOR A PARTICULAR PURPOSE.

configure:3087: $? = 0
configure:3076: gcc -v >&5
Using built-in specs.
COLLECT_GCC=C:\MinGW64\bin\gcc.exe
COLLECT_LTO_WRAPPER=c:/mingw64/bin/../libexec/gcc/x86_64-w64-mingw32/4.7.1/lto-wrapper.exe
Target: x86_64-w64-mingw32
Configured with: ../../src/gcc-4.7.1/configure --build=x86_64-w64-mingw32 --enable-targets=all --enable-languages=c,c++,fortran,objc,obj-c++ --enable-libgomp --enable-lto --enable-libstdcxx-debug --enable-version-specific-runtime-libs --enable-fully-dynamic-string --with-gnu-ld --disable-werror --disable-nls --disable-win32-registry --prefix=/mingw64tdm --with-local-prefix=/mingw64tdm --with-pkgversion=tdm64-1 --with-bugurl=http://tdm-gcc.tdragon.net/bugs
Thread model: win32
gcc version 4.7.1 (tdm64-1) 
configure:3087: $? = 0
configure:3076: gcc -V >&5
gcc.exe: error: unrecognized command line option '-V'
gcc.exe: fatal error: no input files
compilation terminated.
configure:3087: $? = 1
configure:3076: gcc -qversion >&5
gcc.exe: error: unrecognized command line option '-qversion'
gcc.exe: fatal error: no input files
compilation terminated.
configure:3087: $? = 1
configure:3107: checking whether the C compiler works
configure:3129: gcc    conftest.c  >&5
configure:3133: $? = 0
configure:3181: result: yes
configure:3184: checking for C compiler default output file name
configure:3186: result: a.exe
configure:3192: checking for suffix of executables
configure:3199: gcc -o conftest.exe    conftest.c  >&5
configure:3203: $? = 0
configure:3225: result: .exe
configure:3247: checking whether we are cross compiling
configure:3255: gcc -o conftest.exe    conftest.c  >&5
configure:3259: $? = 0
configure:3266: ./conftest.exe
configure:3270: $? = 0
configure:3285: result: no
configure:3290: checking for suffix of object files
configure:3312: gcc -c   conftest.c >&5
configure:3316: $? = 0
configure:3337: result: o
configure:3341: checking whether we are using the GNU C compiler
configure:3360: gcc -c   conftest.c >&5
configure:3360: $? = 0
configure:3369: result: yes
configure:3378: checking whether gcc accepts -g
configure:3398: gcc -c -g  conftest.c >&5
configure:3398: $? = 0
configure:3439: result: yes
configure:3456: checking for gcc option to accept ISO C89
configure:3519: gcc  -c -g -O2  conftest.c >&5
configure:3519: $? = 0
configure:3532: result: none needed
configure:3628: checking for g++
configure:3644: found /cygdrive/c/MinGW64/bin/g++
configure:3655: result: g++
configure:3682: checking for C++ compiler version
configure:3691: g++ --version >&5
g++.exe (tdm64-1) 4.7.1
Copyright (C) 2012 Free Software Foundation, Inc.
This is free software; see the source for copying conditions.  There is NO
warranty; not even for MERCHANTABILITY or FITNESS FOR A PARTICULAR PURPOSE.

configure:3702: $? = 0
configure:3691: g++ -v >&5
Using built-in specs.
COLLECT_GCC=C:\MinGW64\bin\g++.exe
COLLECT_LTO_WRAPPER=c:/mingw64/bin/../libexec/gcc/x86_64-w64-mingw32/4.7.1/lto-wrapper.exe
Target: x86_64-w64-mingw32
Configured with: ../../src/gcc-4.7.1/configure --build=x86_64-w64-mingw32 --enable-targets=all --enable-languages=c,c++,fortran,objc,obj-c++ --enable-libgomp --enable-lto --enable-libstdcxx-debug --enable-version-specific-runtime-libs --enable-fully-dynamic-string --with-gnu-ld --disable-werror --disable-nls --disable-win32-registry --prefix=/mingw64tdm --with-local-prefix=/mingw64tdm --with-pkgversion=tdm64-1 --with-bugurl=http://tdm-gcc.tdragon.net/bugs
Thread model: win32
gcc version 4.7.1 (tdm64-1) 
configure:3702: $? = 0
configure:3691: g++ -V >&5
g++.exe: error: unrecognized command line option '-V'
g++.exe: fatal error: no input files
compilation terminated.
configure:3702: $? = 1
configure:3691: g++ -qversion >&5
g++.exe: error: unrecognized command line option '-qversion'
g++.exe: fatal error: no input files
compilation terminated.
configure:3702: $? = 1
configure:3706: checking whether we are using the GNU C++ compiler
configure:3725: g++ -c   conftest.cpp >&5
configure:3725: $? = 0
configure:3734: result: yes
configure:3743: checking whether g++ accepts -g
configure:3763: g++ -c -g  conftest.cpp >&5
configure:3763: $? = 0
configure:3804: result: yes
configure:3846: g++ -c -g -O2  conftest.cpp >&5
configure:3846: $? = 0
configure:3860: checking whether make sets $(MAKE)
configure:3882: result: yes
configure:3934: checking for ranlib
configure:3950: found /cygdrive/c/MinGW64/bin/ranlib
configure:3961: result: ranlib
configure:4026: checking for nm
configure:4042: found /cygdrive/c/MinGW64/bin/nm
configure:4053: result: nm
configure:4119: checking for objdump
configure:4135: found /cygdrive/c/MinGW64/bin/objdump
configure:4146: result: objdump
configure:4211: checking for ar
configure:4227: found /cygdrive/c/MinGW64/bin/ar
configure:4238: result: ar
configure:4279: checking for a BSD-compatible install
configure:4347: result: /usr/bin/install -c
configure:4361: checking for a thread-safe mkdir -p
configure:4400: result: /usr/bin/mkdir -p
configure:4404: checking whether ln -s works
configure:4408: result: yes
configure:4528: checking for build system executable suffix
configure:4563: result: .exe
configure:4640: gcc -c -g -O2  conftest.c >&5
conftest.c:11:2: error: #error 64-bit x86
configure:4640: $? = 1
configure: failed program was:
| /* confdefs.h */
| #define PACKAGE_NAME "nettle"
| #define PACKAGE_TARNAME "nettle"
| #define PACKAGE_VERSION "2.7.1"
| #define PACKAGE_STRING "nettle 2.7.1"
| #define PACKAGE_BUGREPORT "nettle-bugs@lists.lysator.liu.se"
| #define PACKAGE_URL ""
| /* end confdefs.h.  */
| 
| #if defined(__x86_64__) || defined(__arch64__)
| #error 64-bit x86
| #endif
| 
| int
| main ()
| {
| 
|   ;
|   return 0;
| }
configure:4681: Compiler uses 64-bit ABI. To change, set CC.
configure:4723: WARNING: Don't know where to install 64-bit libraries on this system.
configure:4726: Libraries to be installed in ${exec_prefix}/lib.
configure:4840: Looking for assembler files in x86_64.
configure:4890: checking CCPIC
configure:4934: gcc -c -g -O2   conftest.c >&5
conftest.c: In function 'main':
conftest.c:18:1: warning: incompatible implicit declaration of built-in function 'exit' [enabled by default]
configure:4934: $? = 0
configure:4945: result: 
configure:5064: checking if globals are prefixed by underscore
configure:5075: gcc -c -g -O2  conftest.c >&5
configure:5075: $? = 0
configure:5091: result: no
configure:5097: checking for ELF-style .type,%function pseudo-ops
configure:5114: gcc -g -O2  -c conftest.s >conftest.out 2>&1
configure:5117: $? = 1
conftest.s: Assembler messages:
conftest.s:4: Warning: .type pseudo-op used outside of .def/.endef ignored.
conftest.s:4: Error: junk at end of line, first unrecognized character is `f'
conftest.s:8: Warning: .size pseudo-op used outside of .def/.endef ignored.
conftest.s:8: Error: junk at end of line, first unrecognized character is `f'
configure: failed program was:

.text
.globl foo
.type foo,%function
foo:
.Lend:

.size foo, .Lend - foo

configure:5130: result: no
configure:5133: checking for ELF-style .type,#function pseudo-ops
configure:5150: gcc -g -O2  -c conftest.s >conftest.out 2>&1
configure:5153: $? = 1
conftest.s: Assembler messages:
conftest.s:4: Warning: .type pseudo-op used outside of .def/.endef ignored.
conftest.s:4: Error: junk at end of line, first unrecognized character is `f'
conftest.s:8: Warning: .size pseudo-op used outside of .def/.endef ignored.
conftest.s:8: Error: junk at end of line, first unrecognized character is `f'
configure: failed program was:

.text
.globl foo
.type foo,#function
foo:
.Lend:

.size foo, .Lend - foo

configure:5166: result: no
configure:5181: checking if we should use a .note.GNU-stack section
configure:5193: gcc -g -O2  -c conftest.c >conftest.out 2>&1
configure:5196: $? = 0
configure:5208: result: no
configure:5214: checking if .align assembly directive is logarithmic
configure:5225: gcc -g -O2  -c conftest.s >conftest.out 2>&1
configure:5228: $? = 1
conftest.s: Assembler messages:
conftest.s:2: Error: alignment not a power of 2
configure: failed program was:

.align 3

configure:5241: result: no
configure:5277: checking for m4
configure:5308: result: m4
configure:5322: checking for an ANSI C-conforming const
configure:5388: gcc -c -g -O2  conftest.c >&5
configure:5388: $? = 0
configure:5395: result: yes
configure:5403: checking for inline
configure:5419: gcc -c -g -O2  conftest.c >&5
configure:5419: $? = 0
configure:5427: result: inline
configure:5450: checking how to run the C preprocessor
configure:5481: gcc -E  conftest.c
configure:5481: $? = 0
configure:5495: gcc -E  conftest.c
conftest.c:14:28: fatal error: ac_nonexistent.h: No such file or directory
compilation terminated.
configure:5495: $? = 1
configure: failed program was:
| /* confdefs.h */
| #define PACKAGE_NAME "nettle"
| #define PACKAGE_TARNAME "nettle"
| #define PACKAGE_VERSION "2.7.1"
| #define PACKAGE_STRING "nettle 2.7.1"
| #define PACKAGE_BUGREPORT "nettle-bugs@lists.lysator.liu.se"
| #define PACKAGE_URL ""
| #define HAVE_NATIVE_ecc_192_modp 1
| #define HAVE_NATIVE_ecc_224_modp 1
| #define HAVE_NATIVE_ecc_256_redc 1
| #define HAVE_NATIVE_ecc_384_modp 1
| #define HAVE_NATIVE_ecc_521_modp 1
| /* end confdefs.h.  */
| #include <ac_nonexistent.h>
configure:5520: result: gcc -E
configure:5540: gcc -E  conftest.c
configure:5540: $? = 0
configure:5554: gcc -E  conftest.c
conftest.c:14:28: fatal error: ac_nonexistent.h: No such file or directory
compilation terminated.
configure:5554: $? = 1
configure: failed program was:
| /* confdefs.h */
| #define PACKAGE_NAME "nettle"
| #define PACKAGE_TARNAME "nettle"
| #define PACKAGE_VERSION "2.7.1"
| #define PACKAGE_STRING "nettle 2.7.1"
| #define PACKAGE_BUGREPORT "nettle-bugs@lists.lysator.liu.se"
| #define PACKAGE_URL ""
| #define HAVE_NATIVE_ecc_192_modp 1
| #define HAVE_NATIVE_ecc_224_modp 1
| #define HAVE_NATIVE_ecc_256_redc 1
| #define HAVE_NATIVE_ecc_384_modp 1
| #define HAVE_NATIVE_ecc_521_modp 1
| /* end confdefs.h.  */
| #include <ac_nonexistent.h>
configure:5583: checking for grep that handles long lines and -e
configure:5641: result: /usr/bin/grep
configure:5646: checking for egrep
configure:5708: result: /usr/bin/grep -E
configure:5713: checking for uid_t in sys/types.h
configure:5732: result: no
configure:5743: checking for ANSI C header files
configure:5763: gcc -c -g -O2  conftest.c >&5
configure:5763: $? = 0
configure:5836: gcc -o conftest.exe -g -O2   conftest.c  >&5
configure:5836: $? = 0
configure:5836: ./conftest.exe
configure:5836: $? = 0
configure:5847: result: yes
configure:5860: checking for sys/types.h
configure:5860: gcc -c -g -O2  conftest.c >&5
configure:5860: $? = 0
configure:5860: result: yes
configure:5860: checking for sys/stat.h
configure:5860: gcc -c -g -O2  conftest.c >&5
configure:5860: $? = 0
configure:5860: result: yes
configure:5860: checking for stdlib.h
configure:5860: gcc -c -g -O2  conftest.c >&5
configure:5860: $? = 0
configure:5860: result: yes
configure:5860: checking for string.h
configure:5860: gcc -c -g -O2  conftest.c >&5
configure:5860: $? = 0
configure:5860: result: yes
configure:5860: checking for memory.h
configure:5860: gcc -c -g -O2  conftest.c >&5
configure:5860: $? = 0
configure:5860: result: yes
configure:5860: checking for strings.h
configure:5860: gcc -c -g -O2  conftest.c >&5
configure:5860: $? = 0
configure:5860: result: yes
configure:5860: checking for inttypes.h
configure:5860: gcc -c -g -O2  conftest.c >&5
configure:5860: $? = 0
configure:5860: result: yes
configure:5860: checking for stdint.h
configure:5860: gcc -c -g -O2  conftest.c >&5
configure:5860: $? = 0
configure:5860: result: yes
configure:5860: checking for unistd.h
configure:5860: gcc -c -g -O2  conftest.c >&5
configure:5860: $? = 0
configure:5860: result: yes
configure:5872: checking for size_t
configure:5872: gcc -c -g -O2  conftest.c >&5
configure:5872: $? = 0
configure:5872: gcc -c -g -O2  conftest.c >&5
conftest.c: In function 'main':
conftest.c:62:21: error: expected expression before ')' token
configure:5872: $? = 1
configure: failed program was:
| /* confdefs.h */
| #define PACKAGE_NAME "nettle"
| #define PACKAGE_TARNAME "nettle"
| #define PACKAGE_VERSION "2.7.1"
| #define PACKAGE_STRING "nettle 2.7.1"
| #define PACKAGE_BUGREPORT "nettle-bugs@lists.lysator.liu.se"
| #define PACKAGE_URL ""
| #define HAVE_NATIVE_ecc_192_modp 1
| #define HAVE_NATIVE_ecc_224_modp 1
| #define HAVE_NATIVE_ecc_256_redc 1
| #define HAVE_NATIVE_ecc_384_modp 1
| #define HAVE_NATIVE_ecc_521_modp 1
| #define uid_t int
| #define gid_t int
| #define STDC_HEADERS 1
| #define HAVE_SYS_TYPES_H 1
| #define HAVE_SYS_STAT_H 1
| #define HAVE_STDLIB_H 1
| #define HAVE_STRING_H 1
| #define HAVE_MEMORY_H 1
| #define HAVE_STRINGS_H 1
| #define HAVE_INTTYPES_H 1
| #define HAVE_STDINT_H 1
| #define HAVE_UNISTD_H 1
| /* end confdefs.h.  */
| #include <stdio.h>
| #ifdef HAVE_SYS_TYPES_H
| # include <sys/types.h>
| #endif
| #ifdef HAVE_SYS_STAT_H
| # include <sys/stat.h>
| #endif
| #ifdef STDC_HEADERS
| # include <stdlib.h>
| # include <stddef.h>
| #else
| # ifdef HAVE_STDLIB_H
| #  include <stdlib.h>
| # endif
| #endif
| #ifdef HAVE_STRING_H
| # if !defined STDC_HEADERS && defined HAVE_MEMORY_H
| #  include <memory.h>
| # endif
| # include <string.h>
| #endif
| #ifdef HAVE_STRINGS_H
| # include <strings.h>
| #endif
| #ifdef HAVE_INTTYPES_H
| # include <inttypes.h>
| #endif
| #ifdef HAVE_STDINT_H
| # include <stdint.h>
| #endif
| #ifdef HAVE_UNISTD_H
| # include <unistd.h>
| #endif
| int
| main ()
| {
| if (sizeof ((size_t)))
| 	    return 0;
|   ;
|   return 0;
| }
configure:5872: result: yes
configure:5883: checking whether time.h and sys/time.h may both be included
configure:5903: gcc -c -g -O2  conftest.c >&5
configure:5903: $? = 0
configure:5910: result: yes
configure:5922: checking size of long
configure:5927: gcc -o conftest.exe -g -O2   conftest.c  >&5
configure:5927: $? = 0
configure:5927: ./conftest.exe
configure:5927: $? = 0
configure:5941: result: 4
configure:5953: checking alignment of uint64_t
configure:5958: gcc -o conftest.exe -g -O2   conftest.c  >&5
configure:5958: $? = 0
configure:5958: ./conftest.exe
configure:5958: $? = 0
configure:5976: result: 8
configure:5993: checking openssl/blowfish.h usability
configure:5993: gcc -c -g -O2  conftest.c >&5
conftest.c:62:30: fatal error: openssl/blowfish.h: No such file or directory
compilation terminated.
configure:5993: $? = 1
configure: failed program was:
| /* confdefs.h */
| #define PACKAGE_NAME "nettle"
| #define PACKAGE_TARNAME "nettle"
| #define PACKAGE_VERSION "2.7.1"
| #define PACKAGE_STRING "nettle 2.7.1"
| #define PACKAGE_BUGREPORT "nettle-bugs@lists.lysator.liu.se"
| #define PACKAGE_URL ""
| #define HAVE_NATIVE_ecc_192_modp 1
| #define HAVE_NATIVE_ecc_224_modp 1
| #define HAVE_NATIVE_ecc_256_redc 1
| #define HAVE_NATIVE_ecc_384_modp 1
| #define HAVE_NATIVE_ecc_521_modp 1
| #define uid_t int
| #define gid_t int
| #define STDC_HEADERS 1
| #define HAVE_SYS_TYPES_H 1
| #define HAVE_SYS_STAT_H 1
| #define HAVE_STDLIB_H 1
| #define HAVE_STRING_H 1
| #define HAVE_MEMORY_H 1
| #define HAVE_STRINGS_H 1
| #define HAVE_INTTYPES_H 1
| #define HAVE_STDINT_H 1
| #define HAVE_UNISTD_H 1
| #define TIME_WITH_SYS_TIME 1
| #define SIZEOF_LONG 4
| #define ALIGNOF_UINT64_T 8
| /* end confdefs.h.  */
| #include <stdio.h>
| #ifdef HAVE_SYS_TYPES_H
| # include <sys/types.h>
| #endif
| #ifdef HAVE_SYS_STAT_H
| # include <sys/stat.h>
| #endif
| #ifdef STDC_HEADERS
| # include <stdlib.h>
| # include <stddef.h>
| #else
| # ifdef HAVE_STDLIB_H
| #  include <stdlib.h>
| # endif
| #endif
| #ifdef HAVE_STRING_H
| # if !defined STDC_HEADERS && defined HAVE_MEMORY_H
| #  include <memory.h>
| # endif
| # include <string.h>
| #endif
| #ifdef HAVE_STRINGS_H
| # include <strings.h>
| #endif
| #ifdef HAVE_INTTYPES_H
| # include <inttypes.h>
| #endif
| #ifdef HAVE_STDINT_H
| # include <stdint.h>
| #endif
| #ifdef HAVE_UNISTD_H
| # include <unistd.h>
| #endif
| #include <openssl/blowfish.h>
configure:5993: result: no
configure:5993: checking openssl/blowfish.h presence
configure:5993: gcc -E  conftest.c
conftest.c:29:30: fatal error: openssl/blowfish.h: No such file or directory
compilation terminated.
configure:5993: $? = 1
configure: failed program was:
| /* confdefs.h */
| #define PACKAGE_NAME "nettle"
| #define PACKAGE_TARNAME "nettle"
| #define PACKAGE_VERSION "2.7.1"
| #define PACKAGE_STRING "nettle 2.7.1"
| #define PACKAGE_BUGREPORT "nettle-bugs@lists.lysator.liu.se"
| #define PACKAGE_URL ""
| #define HAVE_NATIVE_ecc_192_modp 1
| #define HAVE_NATIVE_ecc_224_modp 1
| #define HAVE_NATIVE_ecc_256_redc 1
| #define HAVE_NATIVE_ecc_384_modp 1
| #define HAVE_NATIVE_ecc_521_modp 1
| #define uid_t int
| #define gid_t int
| #define STDC_HEADERS 1
| #define HAVE_SYS_TYPES_H 1
| #define HAVE_SYS_STAT_H 1
| #define HAVE_STDLIB_H 1
| #define HAVE_STRING_H 1
| #define HAVE_MEMORY_H 1
| #define HAVE_STRINGS_H 1
| #define HAVE_INTTYPES_H 1
| #define HAVE_STDINT_H 1
| #define HAVE_UNISTD_H 1
| #define TIME_WITH_SYS_TIME 1
| #define SIZEOF_LONG 4
| #define ALIGNOF_UINT64_T 8
| /* end confdefs.h.  */
| #include <openssl/blowfish.h>
configure:5993: result: no
configure:5993: checking for openssl/blowfish.h
configure:5993: result: no
configure:6009: checking for working alloca.h
configure:6026: gcc -o conftest.exe -g -O2   conftest.c  >&5
conftest.c:29:20: fatal error: alloca.h: No such file or directory
compilation terminated.
configure:6026: $? = 1
configure: failed program was:
| /* confdefs.h */
| #define PACKAGE_NAME "nettle"
| #define PACKAGE_TARNAME "nettle"
| #define PACKAGE_VERSION "2.7.1"
| #define PACKAGE_STRING "nettle 2.7.1"
| #define PACKAGE_BUGREPORT "nettle-bugs@lists.lysator.liu.se"
| #define PACKAGE_URL ""
| #define HAVE_NATIVE_ecc_192_modp 1
| #define HAVE_NATIVE_ecc_224_modp 1
| #define HAVE_NATIVE_ecc_256_redc 1
| #define HAVE_NATIVE_ecc_384_modp 1
| #define HAVE_NATIVE_ecc_521_modp 1
| #define uid_t int
| #define gid_t int
| #define STDC_HEADERS 1
| #define HAVE_SYS_TYPES_H 1
| #define HAVE_SYS_STAT_H 1
| #define HAVE_STDLIB_H 1
| #define HAVE_STRING_H 1
| #define HAVE_MEMORY_H 1
| #define HAVE_STRINGS_H 1
| #define HAVE_INTTYPES_H 1
| #define HAVE_STDINT_H 1
| #define HAVE_UNISTD_H 1
| #define TIME_WITH_SYS_TIME 1
| #define SIZEOF_LONG 4
| #define ALIGNOF_UINT64_T 8
| /* end confdefs.h.  */
| #include <alloca.h>
| int
| main ()
| {
| char *p = (char *) alloca (2 * sizeof (int));
| 			  if (p) return 0;
|   ;
|   return 0;
| }
configure:6034: result: no
configure:6042: checking for alloca
configure:6079: gcc -o conftest.exe -g -O2   conftest.c  >&5
configure:6079: $? = 0
configure:6087: result: yes
configure:6195: checking malloc.h usability
configure:6195: gcc -c -g -O2  conftest.c >&5
configure:6195: $? = 0
configure:6195: result: yes
configure:6195: checking malloc.h presence
configure:6195: gcc -E  conftest.c
configure:6195: $? = 0
configure:6195: result: yes
configure:6195: checking for malloc.h
configure:6195: result: yes
configure:6208: checking for strerror
configure:6208: gcc -o conftest.exe -g -O2   conftest.c  >&5
configure:6208: $? = 0
configure:6208: result: yes
configure:6220: checking whether byte ordering is bigendian
configure:6235: gcc -c -g -O2  conftest.c >&5
conftest.c:33:9: error: unknown type name 'not'
conftest.c:33:15: error: expected '=', ',', ';', 'asm' or '__attribute__' before 'universal'
conftest.c:33:15: error: unknown type name 'universal'
configure:6235: $? = 1
configure: failed program was:
| /* confdefs.h */
| #define PACKAGE_NAME "nettle"
| #define PACKAGE_TARNAME "nettle"
| #define PACKAGE_VERSION "2.7.1"
| #define PACKAGE_STRING "nettle 2.7.1"
| #define PACKAGE_BUGREPORT "nettle-bugs@lists.lysator.liu.se"
| #define PACKAGE_URL ""
| #define HAVE_NATIVE_ecc_192_modp 1
| #define HAVE_NATIVE_ecc_224_modp 1
| #define HAVE_NATIVE_ecc_256_redc 1
| #define HAVE_NATIVE_ecc_384_modp 1
| #define HAVE_NATIVE_ecc_521_modp 1
| #define uid_t int
| #define gid_t int
| #define STDC_HEADERS 1
| #define HAVE_SYS_TYPES_H 1
| #define HAVE_SYS_STAT_H 1
| #define HAVE_STDLIB_H 1
| #define HAVE_STRING_H 1
| #define HAVE_MEMORY_H 1
| #define HAVE_STRINGS_H 1
| #define HAVE_INTTYPES_H 1
| #define HAVE_STDINT_H 1
| #define HAVE_UNISTD_H 1
| #define TIME_WITH_SYS_TIME 1
| #define SIZEOF_LONG 4
| #define ALIGNOF_UINT64_T 8
| #define HAVE_ALLOCA 1
| #define HAVE_MALLOC_H 1
| #define HAVE_STRERROR 1
| /* end confdefs.h.  */
| #ifndef __APPLE_CC__
| 	       not a universal capable compiler
| 	     #endif
| 	     typedef int dummy;
| 
configure:6280: gcc -c -g -O2  conftest.c >&5
configure:6280: $? = 0
configure:6298: gcc -c -g -O2  conftest.c >&5
conftest.c: In function 'main':
conftest.c:39:4: error: unknown type name 'not'
conftest.c:39:12: error: expected '=', ',', ';', 'asm' or '__attribute__' before 'endian'
configure:6298: $? = 1
configure: failed program was:
| /* confdefs.h */
| #define PACKAGE_NAME "nettle"
| #define PACKAGE_TARNAME "nettle"
| #define PACKAGE_VERSION "2.7.1"
| #define PACKAGE_STRING "nettle 2.7.1"
| #define PACKAGE_BUGREPORT "nettle-bugs@lists.lysator.liu.se"
| #define PACKAGE_URL ""
| #define HAVE_NATIVE_ecc_192_modp 1
| #define HAVE_NATIVE_ecc_224_modp 1
| #define HAVE_NATIVE_ecc_256_redc 1
| #define HAVE_NATIVE_ecc_384_modp 1
| #define HAVE_NATIVE_ecc_521_modp 1
| #define uid_t int
| #define gid_t int
| #define STDC_HEADERS 1
| #define HAVE_SYS_TYPES_H 1
| #define HAVE_SYS_STAT_H 1
| #define HAVE_STDLIB_H 1
| #define HAVE_STRING_H 1
| #define HAVE_MEMORY_H 1
| #define HAVE_STRINGS_H 1
| #define HAVE_INTTYPES_H 1
| #define HAVE_STDINT_H 1
| #define HAVE_UNISTD_H 1
| #define TIME_WITH_SYS_TIME 1
| #define SIZEOF_LONG 4
| #define ALIGNOF_UINT64_T 8
| #define HAVE_ALLOCA 1
| #define HAVE_MALLOC_H 1
| #define HAVE_STRERROR 1
| /* end confdefs.h.  */
| #include <sys/types.h>
| 		#include <sys/param.h>
| 
| int
| main ()
| {
| #if BYTE_ORDER != BIG_ENDIAN
| 		 not big endian
| 		#endif
| 
|   ;
|   return 0;
| }
configure:6426: result: no
configure:6444: checking for memxor
configure:6444: gcc -o conftest.exe -g -O2   conftest.c  >&5
C:\Users\rikki\AppData\Local\Temp\cc0qI4sE.o: In function `main':
P:\Nettle-bindings\c\nettle/conftest.c:66: undefined reference to `memxor'
collect2.exe: error: ld returned 1 exit status
configure:6444: $? = 1
configure: failed program was:
| /* confdefs.h */
| #define PACKAGE_NAME "nettle"
| #define PACKAGE_TARNAME "nettle"
| #define PACKAGE_VERSION "2.7.1"
| #define PACKAGE_STRING "nettle 2.7.1"
| #define PACKAGE_BUGREPORT "nettle-bugs@lists.lysator.liu.se"
| #define PACKAGE_URL ""
| #define HAVE_NATIVE_ecc_192_modp 1
| #define HAVE_NATIVE_ecc_224_modp 1
| #define HAVE_NATIVE_ecc_256_redc 1
| #define HAVE_NATIVE_ecc_384_modp 1
| #define HAVE_NATIVE_ecc_521_modp 1
| #define uid_t int
| #define gid_t int
| #define STDC_HEADERS 1
| #define HAVE_SYS_TYPES_H 1
| #define HAVE_SYS_STAT_H 1
| #define HAVE_STDLIB_H 1
| #define HAVE_STRING_H 1
| #define HAVE_MEMORY_H 1
| #define HAVE_STRINGS_H 1
| #define HAVE_INTTYPES_H 1
| #define HAVE_STDINT_H 1
| #define HAVE_UNISTD_H 1
| #define TIME_WITH_SYS_TIME 1
| #define SIZEOF_LONG 4
| #define ALIGNOF_UINT64_T 8
| #define HAVE_ALLOCA 1
| #define HAVE_MALLOC_H 1
| #define HAVE_STRERROR 1
| /* end confdefs.h.  */
| /* Define memxor to an innocuous variant, in case <limits.h> declares memxor.
|    For example, HP-UX 11i <limits.h> declares gettimeofday.  */
| #define memxor innocuous_memxor
| 
| /* System header to define __stub macros and hopefully few prototypes,
|     which can conflict with char memxor (); below.
|     Prefer <limits.h> to <assert.h> if __STDC__ is defined, since
|     <limits.h> exists even on freestanding compilers.  */
| 
| #ifdef __STDC__
| # include <limits.h>
| #else
| # include <assert.h>
| #endif
| 
| #undef memxor
| 
| /* Override any GCC internal prototype to avoid an error.
|    Use char because int might match the return type of a GCC
|    builtin and then its argument prototype would still apply.  */
| #ifdef __cplusplus
| extern "C"
| #endif
| char memxor ();
| /* The GNU C library defines this for functions which it implements
|     to always fail with ENOSYS.  Some functions are actually named
|     something starting with __ and the normal name is an alias.  */
| #if defined __stub_memxor || defined __stub___memxor
| choke me
| #endif
| 
| int
| main ()
| {
| return memxor ();
|   ;
|   return 0;
| }
configure:6444: result: no
configure:6459: checking for __attribute__
configure:6485: gcc -c -g -O2  conftest.c >&5
configure:6485: $? = 0
configure:6492: result: yes
configure:6506: checking for stdint types
configure:6529: gcc -c   conftest.c >&5
configure:6529: $? = 0
configure:6554: result: stdint.h (shortcircuit)
configure:6922: result: make use of stdint.h in nettle-stdint.h (assuming C99 compatible system)
configure:6932: checking for fcntl file locking
configure:6959: gcc -c -g -O2  conftest.c >&5
conftest.c: In function 'main':
conftest.c:46:10: error: 'F_SETLKW' undeclared (first use in this function)
conftest.c:46:10: note: each undeclared identifier is reported only once for each function it appears in
conftest.c:47:14: error: storage size of 'fl' isn't known
configure:6959: $? = 1
configure: failed program was:
| /* confdefs.h */
| #define PACKAGE_NAME "nettle"
| #define PACKAGE_TARNAME "nettle"
| #define PACKAGE_VERSION "2.7.1"
| #define PACKAGE_STRING "nettle 2.7.1"
| #define PACKAGE_BUGREPORT "nettle-bugs@lists.lysator.liu.se"
| #define PACKAGE_URL ""
| #define HAVE_NATIVE_ecc_192_modp 1
| #define HAVE_NATIVE_ecc_224_modp 1
| #define HAVE_NATIVE_ecc_256_redc 1
| #define HAVE_NATIVE_ecc_384_modp 1
| #define HAVE_NATIVE_ecc_521_modp 1
| #define uid_t int
| #define gid_t int
| #define STDC_HEADERS 1
| #define HAVE_SYS_TYPES_H 1
| #define HAVE_SYS_STAT_H 1
| #define HAVE_STDLIB_H 1
| #define HAVE_STRING_H 1
| #define HAVE_MEMORY_H 1
| #define HAVE_STRINGS_H 1
| #define HAVE_INTTYPES_H 1
| #define HAVE_STDINT_H 1
| #define HAVE_UNISTD_H 1
| #define TIME_WITH_SYS_TIME 1
| #define SIZEOF_LONG 4
| #define ALIGNOF_UINT64_T 8
| #define HAVE_ALLOCA 1
| #define HAVE_MALLOC_H 1
| #define HAVE_STRERROR 1
| #define HAVE_GCC_ATTRIBUTE 1
| /* end confdefs.h.  */
| 
| #if HAVE_SYS_TYPES_H
| # include <sys/types.h>
| #endif
| #if HAVE_UNISTD_H
| # include <unistd.h>
| #endif
| #include <fcntl.h>
| 
| int
| main ()
| {
| 
| int op = F_SETLKW;
| struct flock fl;
| 
|   ;
|   return 0;
| }
configure:6966: result: no
configure:6976: checking for __gmpz_getlimbn in -lgmp
configure:7001: gcc -o conftest.exe -g -O2   conftest.c -lgmp   >&5
c:/mingw64/bin/../lib/gcc/x86_64-w64-mingw32/4.7.1/../../../../x86_64-w64-mingw32/bin/ld.exe: cannot find -lgmp
collect2.exe: error: ld returned 1 exit status
configure:7001: $? = 1
configure: failed program was:
| /* confdefs.h */
| #define PACKAGE_NAME "nettle"
| #define PACKAGE_TARNAME "nettle"
| #define PACKAGE_VERSION "2.7.1"
| #define PACKAGE_STRING "nettle 2.7.1"
| #define PACKAGE_BUGREPORT "nettle-bugs@lists.lysator.liu.se"
| #define PACKAGE_URL ""
| #define HAVE_NATIVE_ecc_192_modp 1
| #define HAVE_NATIVE_ecc_224_modp 1
| #define HAVE_NATIVE_ecc_256_redc 1
| #define HAVE_NATIVE_ecc_384_modp 1
| #define HAVE_NATIVE_ecc_521_modp 1
| #define uid_t int
| #define gid_t int
| #define STDC_HEADERS 1
| #define HAVE_SYS_TYPES_H 1
| #define HAVE_SYS_STAT_H 1
| #define HAVE_STDLIB_H 1
| #define HAVE_STRING_H 1
| #define HAVE_MEMORY_H 1
| #define HAVE_STRINGS_H 1
| #define HAVE_INTTYPES_H 1
| #define HAVE_STDINT_H 1
| #define HAVE_UNISTD_H 1
| #define TIME_WITH_SYS_TIME 1
| #define SIZEOF_LONG 4
| #define ALIGNOF_UINT64_T 8
| #define HAVE_ALLOCA 1
| #define HAVE_MALLOC_H 1
| #define HAVE_STRERROR 1
| #define HAVE_GCC_ATTRIBUTE 1
| /* end confdefs.h.  */
| 
| /* Override any GCC internal prototype to avoid an error.
|    Use char because int might match the return type of a GCC
|    builtin and then its argument prototype would still apply.  */
| #ifdef __cplusplus
| extern "C"
| #endif
| char __gmpz_getlimbn ();
| int
| main ()
| {
| return __gmpz_getlimbn ();
|   ;
|   return 0;
| }
configure:7010: result: no
configure:7021: WARNING: GNU MP not found, or not 3.1 or up, see http://gmplib.org/.
Support for public key algorithms will be unavailable.
configure:7113: checking for __gmpz_powm_sec
configure:7113: gcc -o conftest.exe -g -O2   conftest.c  >&5
C:\Users\rikki\AppData\Local\Temp\cc6qRjyb.o: In function `main':
P:\Nettle-bindings\c\nettle/conftest.c:67: undefined reference to `__gmpz_powm_sec'
collect2.exe: error: ld returned 1 exit status
configure:7113: $? = 1
configure: failed program was:
| /* confdefs.h */
| #define PACKAGE_NAME "nettle"
| #define PACKAGE_TARNAME "nettle"
| #define PACKAGE_VERSION "2.7.1"
| #define PACKAGE_STRING "nettle 2.7.1"
| #define PACKAGE_BUGREPORT "nettle-bugs@lists.lysator.liu.se"
| #define PACKAGE_URL ""
| #define HAVE_NATIVE_ecc_192_modp 1
| #define HAVE_NATIVE_ecc_224_modp 1
| #define HAVE_NATIVE_ecc_256_redc 1
| #define HAVE_NATIVE_ecc_384_modp 1
| #define HAVE_NATIVE_ecc_521_modp 1
| #define uid_t int
| #define gid_t int
| #define STDC_HEADERS 1
| #define HAVE_SYS_TYPES_H 1
| #define HAVE_SYS_STAT_H 1
| #define HAVE_STDLIB_H 1
| #define HAVE_STRING_H 1
| #define HAVE_MEMORY_H 1
| #define HAVE_STRINGS_H 1
| #define HAVE_INTTYPES_H 1
| #define HAVE_STDINT_H 1
| #define HAVE_UNISTD_H 1
| #define TIME_WITH_SYS_TIME 1
| #define SIZEOF_LONG 4
| #define ALIGNOF_UINT64_T 8
| #define HAVE_ALLOCA 1
| #define HAVE_MALLOC_H 1
| #define HAVE_STRERROR 1
| #define HAVE_GCC_ATTRIBUTE 1
| /* end confdefs.h.  */
| /* Define __gmpz_powm_sec to an innocuous variant, in case <limits.h> declares __gmpz_powm_sec.
|    For example, HP-UX 11i <limits.h> declares gettimeofday.  */
| #define __gmpz_powm_sec innocuous___gmpz_powm_sec
| 
| /* System header to define __stub macros and hopefully few prototypes,
|     which can conflict with char __gmpz_powm_sec (); below.
|     Prefer <limits.h> to <assert.h> if __STDC__ is defined, since
|     <limits.h> exists even on freestanding compilers.  */
| 
| #ifdef __STDC__
| # include <limits.h>
| #else
| # include <assert.h>
| #endif
| 
| #undef __gmpz_powm_sec
| 
| /* Override any GCC internal prototype to avoid an error.
|    Use char because int might match the return type of a GCC
|    builtin and then its argument prototype would still apply.  */
| #ifdef __cplusplus
| extern "C"
| #endif
| char __gmpz_powm_sec ();
| /* The GNU C library defines this for functions which it implements
|     to always fail with ENOSYS.  Some functions are actually named
|     something starting with __ and the normal name is an alias.  */
| #if defined __stub___gmpz_powm_sec || defined __stub_____gmpz_powm_sec
| choke me
| #endif
| 
| int
| main ()
| {
| return __gmpz_powm_sec ();
|   ;
|   return 0;
| }
configure:7113: result: no
configure:7146: checking for makeinfo
configure:7164: found /usr/bin/makeinfo
configure:7177: result: /usr/bin/makeinfo
configure:7274: checking for library containing clock_gettime
configure:7305: gcc -o conftest.exe -g -O2   conftest.c  >&5
C:\Users\rikki\AppData\Local\Temp\ccKJcu37.o: In function `main':
P:\Nettle-bindings\c\nettle/conftest.c:44: undefined reference to `clock_gettime'
collect2.exe: error: ld returned 1 exit status
configure:7305: $? = 1
configure: failed program was:
| /* confdefs.h */
| #define PACKAGE_NAME "nettle"
| #define PACKAGE_TARNAME "nettle"
| #define PACKAGE_VERSION "2.7.1"
| #define PACKAGE_STRING "nettle 2.7.1"
| #define PACKAGE_BUGREPORT "nettle-bugs@lists.lysator.liu.se"
| #define PACKAGE_URL ""
| #define HAVE_NATIVE_ecc_192_modp 1
| #define HAVE_NATIVE_ecc_224_modp 1
| #define HAVE_NATIVE_ecc_256_redc 1
| #define HAVE_NATIVE_ecc_384_modp 1
| #define HAVE_NATIVE_ecc_521_modp 1
| #define uid_t int
| #define gid_t int
| #define STDC_HEADERS 1
| #define HAVE_SYS_TYPES_H 1
| #define HAVE_SYS_STAT_H 1
| #define HAVE_STDLIB_H 1
| #define HAVE_STRING_H 1
| #define HAVE_MEMORY_H 1
| #define HAVE_STRINGS_H 1
| #define HAVE_INTTYPES_H 1
| #define HAVE_STDINT_H 1
| #define HAVE_UNISTD_H 1
| #define TIME_WITH_SYS_TIME 1
| #define SIZEOF_LONG 4
| #define ALIGNOF_UINT64_T 8
| #define HAVE_ALLOCA 1
| #define HAVE_MALLOC_H 1
| #define HAVE_STRERROR 1
| #define HAVE_GCC_ATTRIBUTE 1
| /* end confdefs.h.  */
| 
| /* Override any GCC internal prototype to avoid an error.
|    Use char because int might match the return type of a GCC
|    builtin and then its argument prototype would still apply.  */
| #ifdef __cplusplus
| extern "C"
| #endif
| char clock_gettime ();
| int
| main ()
| {
| return clock_gettime ();
|   ;
|   return 0;
| }
configure:7305: gcc -o conftest.exe -g -O2   conftest.c -lrt   >&5
c:/mingw64/bin/../lib/gcc/x86_64-w64-mingw32/4.7.1/../../../../x86_64-w64-mingw32/bin/ld.exe: cannot find -lrt
collect2.exe: error: ld returned 1 exit status
configure:7305: $? = 1
configure: failed program was:
| /* confdefs.h */
| #define PACKAGE_NAME "nettle"
| #define PACKAGE_TARNAME "nettle"
| #define PACKAGE_VERSION "2.7.1"
| #define PACKAGE_STRING "nettle 2.7.1"
| #define PACKAGE_BUGREPORT "nettle-bugs@lists.lysator.liu.se"
| #define PACKAGE_URL ""
| #define HAVE_NATIVE_ecc_192_modp 1
| #define HAVE_NATIVE_ecc_224_modp 1
| #define HAVE_NATIVE_ecc_256_redc 1
| #define HAVE_NATIVE_ecc_384_modp 1
| #define HAVE_NATIVE_ecc_521_modp 1
| #define uid_t int
| #define gid_t int
| #define STDC_HEADERS 1
| #define HAVE_SYS_TYPES_H 1
| #define HAVE_SYS_STAT_H 1
| #define HAVE_STDLIB_H 1
| #define HAVE_STRING_H 1
| #define HAVE_MEMORY_H 1
| #define HAVE_STRINGS_H 1
| #define HAVE_INTTYPES_H 1
| #define HAVE_STDINT_H 1
| #define HAVE_UNISTD_H 1
| #define TIME_WITH_SYS_TIME 1
| #define SIZEOF_LONG 4
| #define ALIGNOF_UINT64_T 8
| #define HAVE_ALLOCA 1
| #define HAVE_MALLOC_H 1
| #define HAVE_STRERROR 1
| #define HAVE_GCC_ATTRIBUTE 1
| /* end confdefs.h.  */
| 
| /* Override any GCC internal prototype to avoid an error.
|    Use char because int might match the return type of a GCC
|    builtin and then its argument prototype would still apply.  */
| #ifdef __cplusplus
| extern "C"
| #endif
| char clock_gettime ();
| int
| main ()
| {
| return clock_gettime ();
|   ;
|   return 0;
| }
configure:7322: result: no
configure:7483: creating ./config.status

## ---------------------- ##
## Running config.status. ##
## ---------------------- ##

This file was extended by nettle config.status 2.7.1, which was
generated by GNU Autoconf 2.69.  Invocation command line was

  CONFIG_FILES    = 
  CONFIG_HEADERS  = 
  CONFIG_LINKS    = 
  CONFIG_COMMANDS = 
  $ ./config.status 

on AA

config.status:927: creating config.make
config.status:927: creating config.m4
config.status:927: creating Makefile
config.status:927: creating tools/Makefile
config.status:927: creating testsuite/Makefile
config.status:927: creating examples/Makefile
config.status:927: creating nettle.pc
config.status:927: creating hogweed.pc
config.status:927: creating config.h
config.status:1134: linking x86_64/aes-encrypt-internal.asm to aes-encrypt-internal.asm
config.status:1134: linking x86_64/aes-decrypt-internal.asm to aes-decrypt-internal.asm
config.status:1134: linking x86_64/camellia-crypt-internal.asm to camellia-crypt-internal.asm
config.status:1134: linking x86_64/memxor.asm to memxor.asm
config.status:1134: linking x86_64/salsa20-crypt.asm to salsa20-crypt.asm
config.status:1134: linking x86_64/salsa20-core-internal.asm to salsa20-core-internal.asm
config.status:1134: linking x86_64/serpent-encrypt.asm to serpent-encrypt.asm
config.status:1134: linking x86_64/serpent-decrypt.asm to serpent-decrypt.asm
config.status:1134: linking x86_64/sha1-compress.asm to sha1-compress.asm
config.status:1134: linking x86_64/sha256-compress.asm to sha256-compress.asm
config.status:1134: linking x86_64/sha512-compress.asm to sha512-compress.asm
config.status:1134: linking x86_64/sha3-permute.asm to sha3-permute.asm
config.status:1134: linking x86_64/umac-nh.asm to umac-nh.asm
config.status:1134: linking x86_64/umac-nh-n.asm to umac-nh-n.asm
config.status:1134: linking x86_64/machine.m4 to machine.m4
config.status:1134: linking x86_64/ecc-192-modp.asm to ecc-192-modp.asm
config.status:1134: linking x86_64/ecc-224-modp.asm to ecc-224-modp.asm
config.status:1134: linking x86_64/ecc-256-redc.asm to ecc-256-redc.asm
config.status:1134: linking x86_64/ecc-384-modp.asm to ecc-384-modp.asm
config.status:1134: linking x86_64/ecc-521-modp.asm to ecc-521-modp.asm
config.status:1153: executing dummy-dep-files commands
config.status:1153: executing asm.d commands
config.status:1153: executing nettle-stdint.h commands
config.status:1173: creating nettle-stdint.h : __NETTLE_STDINT_H
configure:9146: summary of build options:

  Version:           nettle 2.7.1
  Host type:         x86_64-unknown-cygwin
  ABI:               64
  Assembly files:    x86_64
  Install prefix:    /usr/local
  Library directory: ${exec_prefix}/lib
  Compiler:          gcc
  Static libraries:  yes
  Shared libraries:  yes
  Public key crypto: no
  Documentation:     yes


## ---------------- ##
## Cache variables. ##
## ---------------- ##

ac_cv_alignof_uint64_t=8
ac_cv_build=x86_64-unknown-cygwin
ac_cv_c_bigendian=no
ac_cv_c_compiler_gnu=yes
ac_cv_c_const=yes
ac_cv_c_inline=inline
ac_cv_cxx_compiler_gnu=yes
ac_cv_env_build_alias_set=
ac_cv_env_build_alias_value=
ac_cv_env_CC_FOR_BUILD_set=
ac_cv_env_CC_FOR_BUILD_value=
ac_cv_env_CC_set=
ac_cv_env_CC_value=
ac_cv_env_CCC_set=
ac_cv_env_CCC_value=
ac_cv_env_CFLAGS_set=
ac_cv_env_CFLAGS_value=
ac_cv_env_CPP_set=
ac_cv_env_CPP_value=
ac_cv_env_CPPFLAGS_set=
ac_cv_env_CPPFLAGS_value=
ac_cv_env_CXX_set=
ac_cv_env_CXX_value=
ac_cv_env_CXXFLAGS_set=
ac_cv_env_CXXFLAGS_value=
ac_cv_env_host_alias_set=
ac_cv_env_host_alias_value=
ac_cv_env_LDFLAGS_set=
ac_cv_env_LDFLAGS_value=
ac_cv_env_LIBS_set=
ac_cv_env_LIBS_value=
ac_cv_env_target_alias_set=
ac_cv_env_target_alias_value=
ac_cv_exeext=.exe
ac_cv_func___gmpz_powm_sec=no
ac_cv_func_alloca_works=yes
ac_cv_func_memxor=no
ac_cv_func_strerror=yes
ac_cv_header_inttypes_h=yes
ac_cv_header_malloc_h=yes
ac_cv_header_memory_h=yes
ac_cv_header_openssl_blowfish_h=no
ac_cv_header_stdc=yes
ac_cv_header_stdint_h=yes
ac_cv_header_stdint_t=stdint.h
ac_cv_header_stdint=stdint.h
ac_cv_header_stdlib_h=yes
ac_cv_header_string_h=yes
ac_cv_header_strings_h=yes
ac_cv_header_sys_stat_h=yes
ac_cv_header_sys_types_h=yes
ac_cv_header_time=yes
ac_cv_header_unistd_h=yes
ac_cv_host=x86_64-unknown-cygwin
ac_cv_lib_gmp___gmpz_getlimbn=no
ac_cv_objext=o
ac_cv_path_EGREP='/usr/bin/grep -E'
ac_cv_path_GREP=/usr/bin/grep
ac_cv_path_install='/usr/bin/install -c'
ac_cv_path_M4=m4
ac_cv_path_MAKEINFO=/usr/bin/makeinfo
ac_cv_path_mkdir=/usr/bin/mkdir
ac_cv_prog_ac_ct_AR=ar
ac_cv_prog_ac_ct_CC=gcc
ac_cv_prog_ac_ct_CXX=g++
ac_cv_prog_ac_ct_NM=nm
ac_cv_prog_ac_ct_OBJDUMP=objdump
ac_cv_prog_ac_ct_RANLIB=ranlib
ac_cv_prog_cc_c89=
ac_cv_prog_cc_g=yes
ac_cv_prog_CPP='gcc -E'
ac_cv_prog_cxx_g=yes
ac_cv_prog_make_make_set=yes
ac_cv_search_clock_gettime=no
ac_cv_sizeof_long=4
ac_cv_stdint_message='using gnu compiler gcc.exe (tdm64-1) 4.7.1'
ac_cv_stdint_result='(assuming C99 compatible system)'
ac_cv_type_size_t=yes
ac_cv_type_uid_t=no
ac_cv_working_alloca_h=no
gmp_cv_prog_exeext_for_build=.exe
lsh_cv_c_attribute=yes
lsh_cv_sys_ccpic=
nettle_cv_asm_align_log=no
nettle_cv_asm_gnu_stack=no
nettle_cv_asm_type_hash_function=no
nettle_cv_asm_type_percent_function=no
nettle_cv_asm_underscore=no
nettle_cv_fcntl_locking=no
nettle_cv_gmp_numb_bits=0

## ----------------- ##
## Output variables. ##
## ----------------- ##

ac_ct_CC='gcc'
ac_ct_CXX='g++'
ALIGNOF_UINT64_T='8'
ALLOCA=''
AR='ar'
ASM_ALIGN_LOG='no'
ASM_ELF_STYLE='no'
ASM_MARK_NOEXEC_STACK=''
ASM_SYMBOL_PREFIX=''
ASM_TYPE_FUNCTION='@function'
ASM_TYPE_PROGBITS='@progbits'
BENCH_LIBS=''
bindir='${exec_prefix}/bin'
build_alias=''
build_cpu='x86_64'
build_os='cygwin'
build_vendor='unknown'
build='x86_64-unknown-cygwin'
CC_FOR_BUILD='gcc'
CC='gcc'
CCPIC_MAYBE=''
CCPIC=''
CFLAGS='-g -O2 -ggdb3 -Wno-pointer-sign -Wall -W   -Wmissing-prototypes -Wmissing-declarations -Wstrict-prototypes   -Wpointer-arith -Wbad-function-cast -Wnested-externs'
CPP='gcc -E'
CPPFLAGS=''
CXX='g++'
CXXFLAGS='-g -O2'
datadir='${datarootdir}'
datarootdir='${prefix}/share'
DEFS='-DHAVE_CONFIG_H'
DEP_FLAGS='-MT $@ -MD -MP -MF $@.d'
DEP_INCLUDE='include '
DEP_PROCESS='true'
docdir='${datarootdir}/doc/${PACKAGE_TARNAME}'
dvidir='${docdir}'
ECHO_C=''
ECHO_N='-n'
ECHO_T=''
EGREP='/usr/bin/grep -E'
EMULATOR=''
exec_prefix='${prefix}'
EXEEXT_FOR_BUILD='.exe'
EXEEXT='.exe'
GMP_NUMB_BITS='0'
GREP='/usr/bin/grep'
host_alias=''
host_cpu='x86_64'
host_os='cygwin'
host_vendor='unknown'
host='x86_64-unknown-cygwin'
htmldir='${docdir}'
IF_CXX=''
IF_DLL=''
IF_DOCUMENTATION=''
IF_HOGWEED='#'
IF_SHARED=''
IF_STATIC=''
includedir='${prefix}/include'
infodir='${datarootdir}/info'
INSTALL_DATA='${INSTALL} -m 644'
INSTALL_PROGRAM='${INSTALL}'
INSTALL_SCRIPT='${INSTALL}'
LDFLAGS=''
libdir='${exec_prefix}/lib'
libexecdir='${exec_prefix}/libexec'
LIBHOGWEED_FILE_SRC='$(LIBHOGWEED_FILE)'
LIBHOGWEED_FILE='libhogweed.dll.a'
LIBHOGWEED_FORLINK='cyghogweed-$(LIBHOGWEED_MAJOR)-$(LIBHOGWEED_MINOR).dll'
LIBHOGWEED_LIBS='-Wl,--no-whole-archive $(LIBS) libnettle.dll.a'
LIBHOGWEED_LINK='$(CC) $(CFLAGS) $(LDFLAGS) -shared -Wl,--out-implib=$(LIBHOGWEED_FILE) -Wl,--export-all-symbols -Wl,--enable-auto-import -Wl,--whole-archive'
LIBHOGWEED_MAJOR='2'
LIBHOGWEED_MINOR='5'
LIBHOGWEED_SONAME=''
LIBNETTLE_FILE_SRC='$(LIBNETTLE_FILE)'
LIBNETTLE_FILE='libnettle.dll.a'
LIBNETTLE_FORLINK='cygnettle-$(LIBNETTLE_MAJOR)-$(LIBNETTLE_MINOR).dll'
LIBNETTLE_LIBS='-Wl,--no-whole-archive $(LIBS)'
LIBNETTLE_LINK='$(CC) $(CFLAGS) $(LDFLAGS) -shared -Wl,--out-implib=$(LIBNETTLE_FILE) -Wl,--export-all-symbols -Wl,--enable-auto-import -Wl,--whole-archive'
LIBNETTLE_MAJOR='4'
LIBNETTLE_MINOR='7'
LIBNETTLE_SONAME=''
LIBOBJS=' ${LIBOBJDIR}memxor$U.o'
LIBS=''
LN_S='ln -s'
localedir='${datarootdir}/locale'
localstatedir='${prefix}/var'
LTLIBOBJS=' ${LIBOBJDIR}memxor$U.lo'
M4='m4'
MAKEINFO='/usr/bin/makeinfo'
mandir='${datarootdir}/man'
MKDIR_P='/usr/bin/mkdir -p'
NM='nm'
OBJDUMP='objdump'
OBJEXT='o'
oldincludedir='/usr/include'
OPENSSL_LIBFLAGS=''
OPT_ASM_SOURCES=' ecc-192-modp.asm ecc-224-modp.asm ecc-256-redc.asm ecc-384-modp.asm ecc-521-modp.asm'
PACKAGE_BUGREPORT='nettle-bugs@lists.lysator.liu.se'
PACKAGE_NAME='nettle'
PACKAGE_STRING='nettle 2.7.1'
PACKAGE_TARNAME='nettle'
PACKAGE_URL=''
PACKAGE_VERSION='2.7.1'
PATH_SEPARATOR=':'
pdfdir='${docdir}'
prefix='/usr/local'
program_transform_name='s,x,x,'
psdir='${docdir}'
RANLIB='ranlib'
sbindir='${exec_prefix}/sbin'
SET_MAKE=''
sharedstatedir='${prefix}/com'
SHELL='/bin/sh'
SHLIBCFLAGS=''
sysconfdir='${prefix}/etc'
target_alias=''
W64_ABI='yes'

## ----------- ##
## confdefs.h. ##
## ----------- ##

/* confdefs.h */
#define PACKAGE_NAME "nettle"
#define PACKAGE_TARNAME "nettle"
#define PACKAGE_VERSION "2.7.1"
#define PACKAGE_STRING "nettle 2.7.1"
#define PACKAGE_BUGREPORT "nettle-bugs@lists.lysator.liu.se"
#define PACKAGE_URL ""
#define HAVE_NATIVE_ecc_192_modp 1
#define HAVE_NATIVE_ecc_224_modp 1
#define HAVE_NATIVE_ecc_256_redc 1
#define HAVE_NATIVE_ecc_384_modp 1
#define HAVE_NATIVE_ecc_521_modp 1
#define uid_t int
#define gid_t int
#define STDC_HEADERS 1
#define HAVE_SYS_TYPES_H 1
#define HAVE_SYS_STAT_H 1
#define HAVE_STDLIB_H 1
#define HAVE_STRING_H 1
#define HAVE_MEMORY_H 1
#define HAVE_STRINGS_H 1
#define HAVE_INTTYPES_H 1
#define HAVE_STDINT_H 1
#define HAVE_UNISTD_H 1
#define TIME_WITH_SYS_TIME 1
#define SIZEOF_LONG 4
#define ALIGNOF_UINT64_T 8
#define HAVE_ALLOCA 1
#define HAVE_MALLOC_H 1
#define HAVE_STRERROR 1
#define HAVE_GCC_ATTRIBUTE 1

configure: exit 0
